  
  
**************************************************************************************************** 
 START EXECUTION (2021-12-04 00:40:14) 
**************************************************************************************************** 
 Processing for country 'Italy' 
 Execution identified by the string 'Italy_covid19_base_2021-12-04_00-40-13' 
  
  
**************************************************************************************************** 
 READ DATA (2021-12-04 00:40:14) 
**************************************************************************************************** 
  
  
++++++++++++++++++++++++++++++++++++++++++++++++++++++++++++++++++++++++++++++++++++++++++++++++++++ 
 COVID-19 data 
++++++++++++++++++++++++++++++++++++++++++++++++++++++++++++++++++++++++++++++++++++++++++++++++++++ 
---------------------------------------------------------------------------------------------------- 
 2021-12-04 00:40:14 - Start loading COVID-19 data 
---------------------------------------------------------------------------------------------------- 
 Read data from file 'COVID-19-up-to-date-27-10-21_Italy_run_hasta_julio.csv' for 'Italy' 
  
---------------------------------------------------------------------------------------------------- 
 2021-12-04 00:40:14 - Loaded data from file 'COVID-19-up-to-date-27-10-21_Italy_run_hasta_julio.csv' for 'Italy' 
---------------------------------------------------------------------------------------------------- 
 First death is on day 1 (2020-09-01) 
 First 10 deaths reached on day 2 (2020-09-02) 
 Pandermic start asumed 30 days before first 10 deaths, on day 1 (2020-09-01) 
 Number of days with data since the start of the pandemic: 334 (from 2020-09-01 to 2021-07-31) 
  
  
  
  
++++++++++++++++++++++++++++++++++++++++++++++++++++++++++++++++++++++++++++++++++++++++++++++++++++ 
 Response measures (interventions) 
++++++++++++++++++++++++++++++++++++++++++++++++++++++++++++++++++++++++++++++++++++++++++++++++++++ 
  
---------------------------------------------------------------------------------------------------- 
 2021-12-04 00:40:14 - Start loading measures data 
---------------------------------------------------------------------------------------------------- 
 Read data from file 'response_graphs_data_Italy_Clean_run_hasta_marzo.csv' for 'Italy' 
  
---------------------------------------------------------------------------------------------------- 
 2021-12-04 00:40:15 - Loaded data from file 'response_graphs_data_Italy_Clean_run_hasta_marzo.csv' for 'Italy' 
---------------------------------------------------------------------------------------------------- 
 Number of periods with defined measures: 8 
 Number of different measures:            8 
  
  
  
  
++++++++++++++++++++++++++++++++++++++++++++++++++++++++++++++++++++++++++++++++++++++++++++++++++++ 
 Case fatality rate (CFR) 
++++++++++++++++++++++++++++++++++++++++++++++++++++++++++++++++++++++++++++++++++++++++++++++++++++ 
---------------------------------------------------------------------------------------------------- 
 2021-12-04 00:40:15 - Start loading case fatality rate (CFR) data 
---------------------------------------------------------------------------------------------------- 
 Read data from file 'weighted_fatality.csv' for 'Italy' 
  
---------------------------------------------------------------------------------------------------- 
 2021-12-04 00:40:15 - Loaded data from file 'weighted_fatality.csv' for 'Italy' 
---------------------------------------------------------------------------------------------------- 
 Case fatality rate for 'Italy': 0.013818 
  
  
  
  
++++++++++++++++++++++++++++++++++++++++++++++++++++++++++++++++++++++++++++++++++++++++++++++++++++ 
 Vaccination 
++++++++++++++++++++++++++++++++++++++++++++++++++++++++++++++++++++++++++++++++++++++++++++++++++++ 
---------------------------------------------------------------------------------------------------- 
 2021-12-04 00:40:15 - Start loading vaccination data 
---------------------------------------------------------------------------------------------------- 
 Read data from file 'datos.vacunacion.italia.work.csv' for 'Italy' 
  
---------------------------------------------------------------------------------------------------- 
 2021-12-04 00:40:16 - Loaded data from file 'datos.vacunacion.italia.work.csv' for 'Italy' 
---------------------------------------------------------------------------------------------------- 
 Data found for 'Italy' 
  
  
  
  
++++++++++++++++++++++++++++++++++++++++++++++++++++++++++++++++++++++++++++++++++++++++++++++++++++ 
 Vaccination First Dose 
++++++++++++++++++++++++++++++++++++++++++++++++++++++++++++++++++++++++++++++++++++++++++++++++++++ 
---------------------------------------------------------------------------------------------------- 
 2021-12-04 00:40:16 - Start extract first dose vaccination data 
---------------------------------------------------------------------------------------------------- 
  
---------------------------------------------------------------------------------------------------- 
 2021-12-04 00:40:16 - Extract first dose from vaccination'' for 'Italy' 
---------------------------------------------------------------------------------------------------- 
 Data found for '' 
  
  
  
  
++++++++++++++++++++++++++++++++++++++++++++++++++++++++++++++++++++++++++++++++++++++++++++++++++++ 
 Vaccination Second Dose 
++++++++++++++++++++++++++++++++++++++++++++++++++++++++++++++++++++++++++++++++++++++++++++++++++++ 
---------------------------------------------------------------------------------------------------- 
 2021-12-04 00:40:16 - Start extract second dose vaccination data 
---------------------------------------------------------------------------------------------------- 
  
---------------------------------------------------------------------------------------------------- 
 2021-12-04 00:40:16 - Extract second dose from vaccination'' for 'Italy' 
---------------------------------------------------------------------------------------------------- 
 Data found for '' 
  
  
  
  
++++++++++++++++++++++++++++++++++++++++++++++++++++++++++++++++++++++++++++++++++++++++++++++++++++ 
 Population 
++++++++++++++++++++++++++++++++++++++++++++++++++++++++++++++++++++++++++++++++++++++++++++++++++++ 
---------------------------------------------------------------------------------------------------- 
 2021-12-04 00:40:16 - Start loading population data 
---------------------------------------------------------------------------------------------------- 
 Load data from vaccination ' 
  
---------------------------------------------------------------------------------------------------- 
 2021-12-04 00:40:16 - Extract Poblacion and Group Age'' for 'Italy' 
---------------------------------------------------------------------------------------------------- 
 Data found for '' 
  
  
  
  
++++++++++++++++++++++++++++++++++++++++++++++++++++++++++++++++++++++++++++++++++++++++++++++++++++ 
 Serial interval (SI) 
++++++++++++++++++++++++++++++++++++++++++++++++++++++++++++++++++++++++++++++++++++++++++++++++++++ 
---------------------------------------------------------------------------------------------------- 
 2021-12-04 00:40:16 - Start loading serial interval (SI) data 
---------------------------------------------------------------------------------------------------- 
 Read data from file 'serial_interval.csv' 
  
---------------------------------------------------------------------------------------------------- 
 2021-12-04 00:40:16 - Loaded data from file 'serial_interval.csv' 
---------------------------------------------------------------------------------------------------- 
 Number of records in file:        100 
 Number of records in return list: 454 
  
  
  
  
++++++++++++++++++++++++++++++++++++++++++++++++++++++++++++++++++++++++++++++++++++++++++++++++++++ 
 Infection to death (ITD) 
++++++++++++++++++++++++++++++++++++++++++++++++++++++++++++++++++++++++++++++++++++++++++++++++++++ 
---------------------------------------------------------------------------------------------------- 
 2021-12-04 00:40:16 - Start loading infection to death (ITD) data 
---------------------------------------------------------------------------------------------------- 
 Read data from file 'infection_to_death.csv' 
  
---------------------------------------------------------------------------------------------------- 
 2021-12-04 00:40:16 - Loaded data from file 'infection_to_death.csv' 
---------------------------------------------------------------------------------------------------- 
 Number of records in file:        100 
 Number of records in return list: 454 
  
  
  
  
++++++++++++++++++++++++++++++++++++++++++++++++++++++++++++++++++++++++++++++++++++++++++++++++++++ 
 Vaccination to immunization 
++++++++++++++++++++++++++++++++++++++++++++++++++++++++++++++++++++++++++++++++++++++++++++++++++++ 
---------------------------------------------------------------------------------------------------- 
 2021-12-04 00:40:16 - Start loading Vaccination Immunization data 
---------------------------------------------------------------------------------------------------- 
 Read data from file 'vtimm.first.dose.csv' 
  
---------------------------------------------------------------------------------------------------- 
 2021-12-04 00:40:16 - Loaded data from file 'vtimm.first.dose.csv' 
---------------------------------------------------------------------------------------------------- 
 Number of records in file:        101 
 Number of records in return list: 454 
  
  
  
  
++++++++++++++++++++++++++++++++++++++++++++++++++++++++++++++++++++++++++++++++++++++++++++++++++++ 
 Population 
++++++++++++++++++++++++++++++++++++++++++++++++++++++++++++++++++++++++++++++++++++++++++++++++++++ 
---------------------------------------------------------------------------------------------------- 
 2021-12-04 00:40:16 - Start loading population data 
---------------------------------------------------------------------------------------------------- 
 Load data from vaccination ' 
  
---------------------------------------------------------------------------------------------------- 
 2021-12-04 00:40:22 - Extract Poblacion Inmunizated by day'' for 'Italy' 
---------------------------------------------------------------------------------------------------- 
 Data found for '' 
  
  
  
  
++++++++++++++++++++++++++++++++++++++++++++++++++++++++++++++++++++++++++++++++++++++++++++++++++++ 
 IFR 
++++++++++++++++++++++++++++++++++++++++++++++++++++++++++++++++++++++++++++++++++++++++++++++++++++ 
---------------------------------------------------------------------------------------------------- 
 2021-12-04 00:40:22 - Start loading ifr data 
---------------------------------------------------------------------------------------------------- 
 Read data from file 'IFR_by_age.csv' 
  
---------------------------------------------------------------------------------------------------- 
 2021-12-04 00:40:22 - Loaded data from file 'IFR_by_age.csv' 
---------------------------------------------------------------------------------------------------- 
  
  
  
  
++++++++++++++++++++++++++++++++++++++++++++++++++++++++++++++++++++++++++++++++++++++++++++++++++++ 
 Population 
++++++++++++++++++++++++++++++++++++++++++++++++++++++++++++++++++++++++++++++++++++++++++++++++++++ 
---------------------------------------------------------------------------------------------------- 
 2021-12-04 00:40:22 - Start loading population data 
---------------------------------------------------------------------------------------------------- 
 Load data from vaccination ' 
  
  
++++++++++++++++++++++++++++++++++++++++++++++++++++++++++++++++++++++++++++++++++++++++++++++++++++ 
 Case Hospitalization Rate 
++++++++++++++++++++++++++++++++++++++++++++++++++++++++++++++++++++++++++++++++++++++++++++++++++++ 
---------------------------------------------------------------------------------------------------- 
 2021-12-04 00:40:30 - Start loading case hospitalization rate data 
---------------------------------------------------------------------------------------------------- 
 Read data from file 'weighted_hospitalization.csv' for 'Italy' 
  
---------------------------------------------------------------------------------------------------- 
 2021-12-04 00:40:30 - Loaded data from file 'weighted_hospitalization.csv' for 'Italy' 
---------------------------------------------------------------------------------------------------- 
 Hospitalization rate for 'Italy': 0.0692543527559901 
  
  
  
  
++++++++++++++++++++++++++++++++++++++++++++++++++++++++++++++++++++++++++++++++++++++++++++++++++++ 
 Infection to Hospitalization (ITH) 
++++++++++++++++++++++++++++++++++++++++++++++++++++++++++++++++++++++++++++++++++++++++++++++++++++ 
---------------------------------------------------------------------------------------------------- 
 2021-12-04 00:40:30 - Start calculating infection-to-hospitalization (ITH) 
---------------------------------------------------------------------------------------------------- 
  
---------------------------------------------------------------------------------------------------- 
 2021-12-04 00:40:35 - calculated data  
---------------------------------------------------------------------------------------------------- 
 Number of records in return list: 454 
  
  
  
  
++++++++++++++++++++++++++++++++++++++++++++++++++++++++++++++++++++++++++++++++++++++++++++++++++++ 
 Hospitalization to Recovery (HTR) 
++++++++++++++++++++++++++++++++++++++++++++++++++++++++++++++++++++++++++++++++++++++++++++++++++++ 
---------------------------------------------------------------------------------------------------- 
 2021-12-04 00:40:35 - Start calculating hospitalization-to-recovery (HTR) 
---------------------------------------------------------------------------------------------------- 
  
---------------------------------------------------------------------------------------------------- 
 2021-12-04 00:40:41 - calculated data  
---------------------------------------------------------------------------------------------------- 
 Number of records in return list: 454 
  
  
  
  
++++++++++++++++++++++++++++++++++++++++++++++++++++++++++++++++++++++++++++++++++++++++++++++++++++ 
 Infection to Detecttion (ITDet) 
++++++++++++++++++++++++++++++++++++++++++++++++++++++++++++++++++++++++++++++++++++++++++++++++++++ 
---------------------------------------------------------------------------------------------------- 
 2021-12-04 00:40:41 - Start calculating infection-to-detection (ITDet) 
---------------------------------------------------------------------------------------------------- 
  
---------------------------------------------------------------------------------------------------- 
 2021-12-04 00:40:44 - calculated data  
---------------------------------------------------------------------------------------------------- 
 Number of records in return list: 454 
  
  
  
  
**************************************************************************************************** 
 CREATE MODEL (2021-12-04 00:40:44) 
**************************************************************************************************** 
 2021-12-04 00:40:44 Compile Stan model 'covid19_base.stan' 
  
 2021-12-04 00:40:46 Fit model - start sampling (iter=70 / warmup=30 / chains=1) 
  
 2021-12-04 00:45:49 Fit model - sampling finished 
  
 2021-12-04 00:45:49 Results of the processing saved in 'Italy_covid19_base_2021-12-04_00-40-13.Rdata' 
  
  
  
**************************************************************************************************** 
 CREATE GRAPHICS (2021-12-04 00:45:49) 
**************************************************************************************************** 
 2021-12-04 00:45:49 Start creating graphics 
 2021-12-04 00:45:49 Output directory  '/Users/albertocebolladasolanas/Documents/Master/TFM/COVID19model_Jun21_noResults_noRDS/results' 
 2021-12-04 00:45:49 Output file       'Italy_covid19_base_2021-12-04_00-40-13.pdf' 
  
Average detection ratio 
0.2261686 
  
 2021-12-04 00:45:54 Graphics created 
  
  
  
  
**************************************************************************************************** 
 END EXECUTION - SUMMARY (2021-12-04 00:45:54) 
**************************************************************************************************** 
 Data read from input directory       '/Users/albertocebolladasolanas/Documents/Master/TFM/COVID19model_Jun21_noResults_noRDS/data' 
  
 Stan model read from directory       '/Users/albertocebolladasolanas/Documents/Master/TFM/COVID19model_Jun21_noResults_noRDS/stan-models' 
 Stan model                           'covid19_base.stan' 
  
 Procesing results saved in directory '/Users/albertocebolladasolanas/Documents/Master/TFM/COVID19model_Jun21_noResults_noRDS/results' 
 Processing data                      'Italy_covid19_base_2021-12-04_00-40-13.Rdata' 
 Graphics file                        'Italy_covid19_base_2021-12-04_00-40-13.pdf' 
 Log file                             'Italy_covid19_base_2021-12-04_00-40-13.log' 
  
 Processing time                       5.68 mins 
  
  
