  
  
**************************************************************************************************** 
 START EXECUTION (2021-12-08 12:59:46) 
**************************************************************************************************** 
 Processing for country 'Italy' 
 Execution identified by the string 'Italy_covid19_base_mod_2021-12-08_12-59-45' 
  
  
**************************************************************************************************** 
 READ DATA (2021-12-08 12:59:46) 
**************************************************************************************************** 
  
  
++++++++++++++++++++++++++++++++++++++++++++++++++++++++++++++++++++++++++++++++++++++++++++++++++++ 
 COVID-19 data 
++++++++++++++++++++++++++++++++++++++++++++++++++++++++++++++++++++++++++++++++++++++++++++++++++++ 
---------------------------------------------------------------------------------------------------- 
 2021-12-08 12:59:46 - Start loading COVID-19 data 
---------------------------------------------------------------------------------------------------- 
 Read data from file 'COVID-19-up-to-date-27-10-21_Italy_run_hastaNoviembre.csv' for 'Italy' 
  
---------------------------------------------------------------------------------------------------- 
 2021-12-08 12:59:46 - Loaded data from file 'COVID-19-up-to-date-27-10-21_Italy_run_hastaNoviembre.csv' for 'Italy' 
---------------------------------------------------------------------------------------------------- 
 First death is on day 1 (2020-09-01) 
 First 10 deaths reached on day 2 (2020-09-02) 
 Pandermic start asumed 30 days before first 10 deaths, on day 1 (2020-09-01) 
 Number of days with data since the start of the pandemic: 441 (from 2020-09-01 to 2021-11-15) 
  
  
  
  
++++++++++++++++++++++++++++++++++++++++++++++++++++++++++++++++++++++++++++++++++++++++++++++++++++ 
 Response measures (interventions) 
++++++++++++++++++++++++++++++++++++++++++++++++++++++++++++++++++++++++++++++++++++++++++++++++++++ 
  
---------------------------------------------------------------------------------------------------- 
 2021-12-08 12:59:46 - Start loading measures data 
---------------------------------------------------------------------------------------------------- 
 Read data from file 'response_graphs_data_Italy_Clean_run_hasta_noviembre.csv' for 'Italy' 
  
---------------------------------------------------------------------------------------------------- 
 2021-12-08 12:59:48 - Loaded data from file 'response_graphs_data_Italy_Clean_run_hasta_noviembre.csv' for 'Italy' 
---------------------------------------------------------------------------------------------------- 
 Number of periods with defined measures: 8 
 Number of different measures:            8 
  
  
  
  
++++++++++++++++++++++++++++++++++++++++++++++++++++++++++++++++++++++++++++++++++++++++++++++++++++ 
 Case fatality rate (CFR) 
++++++++++++++++++++++++++++++++++++++++++++++++++++++++++++++++++++++++++++++++++++++++++++++++++++ 
---------------------------------------------------------------------------------------------------- 
 2021-12-08 12:59:48 - Start loading case fatality rate (CFR) data 
---------------------------------------------------------------------------------------------------- 
 Read data from file 'weighted_fatality.csv' for 'Italy' 
  
---------------------------------------------------------------------------------------------------- 
 2021-12-08 12:59:48 - Loaded data from file 'weighted_fatality.csv' for 'Italy' 
---------------------------------------------------------------------------------------------------- 
 Case fatality rate for 'Italy': 0.013818 
  
  
  
  
++++++++++++++++++++++++++++++++++++++++++++++++++++++++++++++++++++++++++++++++++++++++++++++++++++ 
 Vaccination 
++++++++++++++++++++++++++++++++++++++++++++++++++++++++++++++++++++++++++++++++++++++++++++++++++++ 
---------------------------------------------------------------------------------------------------- 
 2021-12-08 12:59:48 - Start loading vaccination data 
---------------------------------------------------------------------------------------------------- 
 Read data from file 'datos.vacunacion.italia.work.csv' for 'Italy' 
  
---------------------------------------------------------------------------------------------------- 
 2021-12-08 12:59:48 - Loaded data from file 'datos.vacunacion.italia.work.csv' for 'Italy' 
---------------------------------------------------------------------------------------------------- 
 Data found for 'Italy' 
  
  
  
  
++++++++++++++++++++++++++++++++++++++++++++++++++++++++++++++++++++++++++++++++++++++++++++++++++++ 
 Vaccination First Dose 
++++++++++++++++++++++++++++++++++++++++++++++++++++++++++++++++++++++++++++++++++++++++++++++++++++ 
---------------------------------------------------------------------------------------------------- 
 2021-12-08 12:59:49 - Start extract first dose vaccination data 
---------------------------------------------------------------------------------------------------- 
  
---------------------------------------------------------------------------------------------------- 
 2021-12-08 12:59:49 - Extract first dose from vaccination'' for 'Italy' 
---------------------------------------------------------------------------------------------------- 
 Data found for '' 
  
  
  
  
++++++++++++++++++++++++++++++++++++++++++++++++++++++++++++++++++++++++++++++++++++++++++++++++++++ 
 Vaccination Second Dose 
++++++++++++++++++++++++++++++++++++++++++++++++++++++++++++++++++++++++++++++++++++++++++++++++++++ 
---------------------------------------------------------------------------------------------------- 
 2021-12-08 12:59:49 - Start extract second dose vaccination data 
---------------------------------------------------------------------------------------------------- 
  
---------------------------------------------------------------------------------------------------- 
 2021-12-08 12:59:49 - Extract second dose from vaccination'' for 'Italy' 
---------------------------------------------------------------------------------------------------- 
 Data found for '' 
  
  
  
  
++++++++++++++++++++++++++++++++++++++++++++++++++++++++++++++++++++++++++++++++++++++++++++++++++++ 
 Population 
++++++++++++++++++++++++++++++++++++++++++++++++++++++++++++++++++++++++++++++++++++++++++++++++++++ 
---------------------------------------------------------------------------------------------------- 
 2021-12-08 12:59:49 - Start loading population data 
---------------------------------------------------------------------------------------------------- 
 Load data from vaccination ' 
  
---------------------------------------------------------------------------------------------------- 
 2021-12-08 12:59:49 - Extract Poblacion and Group Age'' for 'Italy' 
---------------------------------------------------------------------------------------------------- 
 Data found for '' 
  
  
  
  
++++++++++++++++++++++++++++++++++++++++++++++++++++++++++++++++++++++++++++++++++++++++++++++++++++ 
 Serial interval (SI) 
++++++++++++++++++++++++++++++++++++++++++++++++++++++++++++++++++++++++++++++++++++++++++++++++++++ 
---------------------------------------------------------------------------------------------------- 
 2021-12-08 12:59:49 - Start loading serial interval (SI) data 
---------------------------------------------------------------------------------------------------- 
 Read data from file 'serial_interval.csv' 
  
---------------------------------------------------------------------------------------------------- 
 2021-12-08 12:59:49 - Loaded data from file 'serial_interval.csv' 
---------------------------------------------------------------------------------------------------- 
 Number of records in file:        100 
 Number of records in return list: 561 
  
  
  
  
++++++++++++++++++++++++++++++++++++++++++++++++++++++++++++++++++++++++++++++++++++++++++++++++++++ 
 Infection to death (ITD) 
++++++++++++++++++++++++++++++++++++++++++++++++++++++++++++++++++++++++++++++++++++++++++++++++++++ 
---------------------------------------------------------------------------------------------------- 
 2021-12-08 12:59:49 - Start loading infection to death (ITD) data 
---------------------------------------------------------------------------------------------------- 
 Read data from file 'infection_to_death.csv' 
  
---------------------------------------------------------------------------------------------------- 
 2021-12-08 12:59:49 - Loaded data from file 'infection_to_death.csv' 
---------------------------------------------------------------------------------------------------- 
 Number of records in file:        100 
 Number of records in return list: 561 
  
  
  
  
++++++++++++++++++++++++++++++++++++++++++++++++++++++++++++++++++++++++++++++++++++++++++++++++++++ 
 Vaccination to immunization 
++++++++++++++++++++++++++++++++++++++++++++++++++++++++++++++++++++++++++++++++++++++++++++++++++++ 
---------------------------------------------------------------------------------------------------- 
 2021-12-08 12:59:49 - Start loading Vaccination Immunization data 
---------------------------------------------------------------------------------------------------- 
 Read data from file 'vtimm.first.dose.csv' 
  
---------------------------------------------------------------------------------------------------- 
 2021-12-08 12:59:49 - Loaded data from file 'vtimm.first.dose.csv' 
---------------------------------------------------------------------------------------------------- 
 Number of records in file:        101 
 Number of records in return list: 561 
  
  
  
  
++++++++++++++++++++++++++++++++++++++++++++++++++++++++++++++++++++++++++++++++++++++++++++++++++++ 
 Population 
++++++++++++++++++++++++++++++++++++++++++++++++++++++++++++++++++++++++++++++++++++++++++++++++++++ 
---------------------------------------------------------------------------------------------------- 
 2021-12-08 12:59:49 - Start loading population data 
---------------------------------------------------------------------------------------------------- 
 Load data from vaccination ' 
  
---------------------------------------------------------------------------------------------------- 
 2021-12-08 12:59:56 - Extract Poblacion Inmunizated by day'' for 'Italy' 
---------------------------------------------------------------------------------------------------- 
 Data found for '' 
  
  
  
  
++++++++++++++++++++++++++++++++++++++++++++++++++++++++++++++++++++++++++++++++++++++++++++++++++++ 
 IFR 
++++++++++++++++++++++++++++++++++++++++++++++++++++++++++++++++++++++++++++++++++++++++++++++++++++ 
---------------------------------------------------------------------------------------------------- 
 2021-12-08 12:59:56 - Start loading ifr data 
---------------------------------------------------------------------------------------------------- 
 Read data from file 'IFR_by_age.csv' 
  
---------------------------------------------------------------------------------------------------- 
 2021-12-08 12:59:56 - Loaded data from file 'IFR_by_age.csv' 
---------------------------------------------------------------------------------------------------- 
  
  
  
  
++++++++++++++++++++++++++++++++++++++++++++++++++++++++++++++++++++++++++++++++++++++++++++++++++++ 
 Population 
++++++++++++++++++++++++++++++++++++++++++++++++++++++++++++++++++++++++++++++++++++++++++++++++++++ 
---------------------------------------------------------------------------------------------------- 
 2021-12-08 12:59:56 - Start loading population data 
---------------------------------------------------------------------------------------------------- 
 Load data from vaccination ' 
  
  
++++++++++++++++++++++++++++++++++++++++++++++++++++++++++++++++++++++++++++++++++++++++++++++++++++ 
 Case Hospitalization Rate 
++++++++++++++++++++++++++++++++++++++++++++++++++++++++++++++++++++++++++++++++++++++++++++++++++++ 
---------------------------------------------------------------------------------------------------- 
 2021-12-08 13:00:05 - Start loading case hospitalization rate data 
---------------------------------------------------------------------------------------------------- 
 Read data from file 'weighted_hospitalization.csv' for 'Italy' 
  
---------------------------------------------------------------------------------------------------- 
 2021-12-08 13:00:05 - Loaded data from file 'weighted_hospitalization.csv' for 'Italy' 
---------------------------------------------------------------------------------------------------- 
 Hospitalization rate for 'Italy': 0.0692543527559901 
  
  
  
  
++++++++++++++++++++++++++++++++++++++++++++++++++++++++++++++++++++++++++++++++++++++++++++++++++++ 
 Infection to Hospitalization (ITH) 
++++++++++++++++++++++++++++++++++++++++++++++++++++++++++++++++++++++++++++++++++++++++++++++++++++ 
---------------------------------------------------------------------------------------------------- 
 2021-12-08 13:00:05 - Start calculating infection-to-hospitalization (ITH) 
---------------------------------------------------------------------------------------------------- 
  
---------------------------------------------------------------------------------------------------- 
 2021-12-08 13:00:09 - calculated data  
---------------------------------------------------------------------------------------------------- 
 Number of records in return list: 561 
  
  
  
  
++++++++++++++++++++++++++++++++++++++++++++++++++++++++++++++++++++++++++++++++++++++++++++++++++++ 
 Hospitalization to Recovery (HTR) 
++++++++++++++++++++++++++++++++++++++++++++++++++++++++++++++++++++++++++++++++++++++++++++++++++++ 
---------------------------------------------------------------------------------------------------- 
 2021-12-08 13:00:09 - Start calculating hospitalization-to-recovery (HTR) 
---------------------------------------------------------------------------------------------------- 
  
---------------------------------------------------------------------------------------------------- 
 2021-12-08 13:00:15 - calculated data  
---------------------------------------------------------------------------------------------------- 
 Number of records in return list: 561 
  
  
  
  
++++++++++++++++++++++++++++++++++++++++++++++++++++++++++++++++++++++++++++++++++++++++++++++++++++ 
 Infection to Detecttion (ITDet) 
++++++++++++++++++++++++++++++++++++++++++++++++++++++++++++++++++++++++++++++++++++++++++++++++++++ 
---------------------------------------------------------------------------------------------------- 
 2021-12-08 13:00:15 - Start calculating infection-to-detection (ITDet) 
---------------------------------------------------------------------------------------------------- 
  
---------------------------------------------------------------------------------------------------- 
 2021-12-08 13:00:19 - calculated data  
---------------------------------------------------------------------------------------------------- 
 Number of records in return list: 561 
  
  
  
  
**************************************************************************************************** 
 CREATE MODEL (2021-12-08 13:00:19) 
**************************************************************************************************** 
 2021-12-08 13:00:19 Compile Stan model 'covid19_base_mod.stan' 
  
 2021-12-08 13:00:20 Fit model - start sampling (iter=70 / warmup=30 / chains=1) 
  
 2021-12-08 14:06:35 Fit model - sampling finished 
  
 2021-12-08 14:06:36 Results of the processing saved in 'Italy_covid19_base_mod_2021-12-08_12-59-45.Rdata' 
  
  
  
**************************************************************************************************** 
 CREATE GRAPHICS (2021-12-08 14:06:36) 
**************************************************************************************************** 
 2021-12-08 14:06:36 Start creating graphics 
 2021-12-08 14:06:36 Output directory  '/Users/albertocebolladasolanas/Documents/Master/TFM/COVID19model_Jun21_noResults_noRDS/results' 
 2021-12-08 14:06:36 Output file       'Italy_covid19_base_mod_2021-12-08_12-59-45.pdf' 
  
Average detection ratio 
0.5792969 
  
 2021-12-08 14:06:44 Graphics created 
  
  
  
  
**************************************************************************************************** 
 END EXECUTION - SUMMARY (2021-12-08 14:06:44) 
**************************************************************************************************** 
 Data read from input directory       '/Users/albertocebolladasolanas/Documents/Master/TFM/COVID19model_Jun21_noResults_noRDS/data' 
  
 Stan model read from directory       '/Users/albertocebolladasolanas/Documents/Master/TFM/COVID19model_Jun21_noResults_noRDS/stan-models' 
 Stan model                           'covid19_base_mod.stan' 
  
 Procesing results saved in directory '/Users/albertocebolladasolanas/Documents/Master/TFM/COVID19model_Jun21_noResults_noRDS/results' 
 Processing data                      'Italy_covid19_base_mod_2021-12-08_12-59-45.Rdata' 
 Graphics file                        'Italy_covid19_base_mod_2021-12-08_12-59-45.pdf' 
 Log file                             'Italy_covid19_base_mod_2021-12-08_12-59-45.log' 
  
 Processing time                       1.12 hours 
  
  
