  
  
**************************************************************************************************** 
 START EXECUTION (2021-12-06 00:09:45) 
**************************************************************************************************** 
 Processing for country 'Italy' 
 Execution identified by the string 'Italy_covid19_base_2021-12-06_00-09-44' 
  
  
**************************************************************************************************** 
 READ DATA (2021-12-06 00:09:45) 
**************************************************************************************************** 
  
  
++++++++++++++++++++++++++++++++++++++++++++++++++++++++++++++++++++++++++++++++++++++++++++++++++++ 
 COVID-19 data 
++++++++++++++++++++++++++++++++++++++++++++++++++++++++++++++++++++++++++++++++++++++++++++++++++++ 
---------------------------------------------------------------------------------------------------- 
 2021-12-06 00:09:45 - Start loading COVID-19 data 
---------------------------------------------------------------------------------------------------- 
 Read data from file 'COVID-19-up-to-date-27-10-21_Italy_run_hasta_abril.csv' for 'Italy' 
  
---------------------------------------------------------------------------------------------------- 
 2021-12-06 00:09:45 - Loaded data from file 'COVID-19-up-to-date-27-10-21_Italy_run_hasta_abril.csv' for 'Italy' 
---------------------------------------------------------------------------------------------------- 
 First death is on day 1 (2020-09-01) 
 First 10 deaths reached on day 2 (2020-09-02) 
 Pandermic start asumed 30 days before first 10 deaths, on day 1 (2020-09-01) 
 Number of days with data since the start of the pandemic: 242 (from 2020-09-01 to 2021-04-30) 
  
  
  
  
++++++++++++++++++++++++++++++++++++++++++++++++++++++++++++++++++++++++++++++++++++++++++++++++++++ 
 Response measures (interventions) 
++++++++++++++++++++++++++++++++++++++++++++++++++++++++++++++++++++++++++++++++++++++++++++++++++++ 
  
---------------------------------------------------------------------------------------------------- 
 2021-12-06 00:09:45 - Start loading measures data 
---------------------------------------------------------------------------------------------------- 
 Read data from file 'response_graphs_data_Italy_Clean_run_hasta_marzo.csv' for 'Italy' 
  
---------------------------------------------------------------------------------------------------- 
 2021-12-06 00:09:47 - Loaded data from file 'response_graphs_data_Italy_Clean_run_hasta_marzo.csv' for 'Italy' 
---------------------------------------------------------------------------------------------------- 
 Number of periods with defined measures: 8 
 Number of different measures:            8 
  
  
  
  
++++++++++++++++++++++++++++++++++++++++++++++++++++++++++++++++++++++++++++++++++++++++++++++++++++ 
 Case fatality rate (CFR) 
++++++++++++++++++++++++++++++++++++++++++++++++++++++++++++++++++++++++++++++++++++++++++++++++++++ 
---------------------------------------------------------------------------------------------------- 
 2021-12-06 00:09:47 - Start loading case fatality rate (CFR) data 
---------------------------------------------------------------------------------------------------- 
 Read data from file 'weighted_fatality.csv' for 'Italy' 
  
---------------------------------------------------------------------------------------------------- 
 2021-12-06 00:09:47 - Loaded data from file 'weighted_fatality.csv' for 'Italy' 
---------------------------------------------------------------------------------------------------- 
 Case fatality rate for 'Italy': 0.013818 
  
  
  
  
++++++++++++++++++++++++++++++++++++++++++++++++++++++++++++++++++++++++++++++++++++++++++++++++++++ 
 Vaccination 
++++++++++++++++++++++++++++++++++++++++++++++++++++++++++++++++++++++++++++++++++++++++++++++++++++ 
---------------------------------------------------------------------------------------------------- 
 2021-12-06 00:09:47 - Start loading vaccination data 
---------------------------------------------------------------------------------------------------- 
