  
  
**************************************************************************************************** 
 START EXECUTION (2021-12-06 21:21:38) 
**************************************************************************************************** 
 Processing for country 'Spain' 
 Execution identified by the string 'Spain_covid19_base_mod_2021-12-06_21-21-37' 
  
  
**************************************************************************************************** 
 READ DATA (2021-12-06 21:21:38) 
**************************************************************************************************** 
  
  
++++++++++++++++++++++++++++++++++++++++++++++++++++++++++++++++++++++++++++++++++++++++++++++++++++ 
 COVID-19 data 
++++++++++++++++++++++++++++++++++++++++++++++++++++++++++++++++++++++++++++++++++++++++++++++++++++ 
---------------------------------------------------------------------------------------------------- 
 2021-12-06 21:21:38 - Start loading COVID-19 data 
---------------------------------------------------------------------------------------------------- 
 Read data from file 'COVID-19-up-to-date-27-10-21_Spain_run_hasta_abril.csv' for 'Spain' 
  
---------------------------------------------------------------------------------------------------- 
 2021-12-06 21:21:38 - Loaded data from file 'COVID-19-up-to-date-27-10-21_Spain_run_hasta_abril.csv' for 'Spain' 
---------------------------------------------------------------------------------------------------- 
 First death is on day 1 (2020-09-01) 
 First 10 deaths reached on day 1 (2020-09-01) 
 Pandermic start asumed 30 days before first 10 deaths, on day 1 (2020-09-01) 
 Number of days with data since the start of the pandemic: 242 (from 2020-09-01 to 2021-04-30) 
  
  
  
  
++++++++++++++++++++++++++++++++++++++++++++++++++++++++++++++++++++++++++++++++++++++++++++++++++++ 
 Response measures (interventions) 
++++++++++++++++++++++++++++++++++++++++++++++++++++++++++++++++++++++++++++++++++++++++++++++++++++ 
  
---------------------------------------------------------------------------------------------------- 
 2021-12-06 21:21:38 - Start loading measures data 
---------------------------------------------------------------------------------------------------- 
 Read data from file 'response_graphs_data_Spain_Clean_run4.csv' for 'Spain' 
  
---------------------------------------------------------------------------------------------------- 
 2021-12-06 21:21:39 - Loaded data from file 'response_graphs_data_Spain_Clean_run4.csv' for 'Spain' 
---------------------------------------------------------------------------------------------------- 
 Number of periods with defined measures: 7 
 Number of different measures:            7 
  
  
  
  
++++++++++++++++++++++++++++++++++++++++++++++++++++++++++++++++++++++++++++++++++++++++++++++++++++ 
 Case fatality rate (CFR) 
++++++++++++++++++++++++++++++++++++++++++++++++++++++++++++++++++++++++++++++++++++++++++++++++++++ 
---------------------------------------------------------------------------------------------------- 
 2021-12-06 21:21:39 - Start loading case fatality rate (CFR) data 
---------------------------------------------------------------------------------------------------- 
 Read data from file 'weighted_fatality.csv' for 'Spain' 
  
---------------------------------------------------------------------------------------------------- 
 2021-12-06 21:21:39 - Loaded data from file 'weighted_fatality.csv' for 'Spain' 
---------------------------------------------------------------------------------------------------- 
 Case fatality rate for 'Spain': 0.012074 
  
  
  
  
++++++++++++++++++++++++++++++++++++++++++++++++++++++++++++++++++++++++++++++++++++++++++++++++++++ 
 Vaccination 
++++++++++++++++++++++++++++++++++++++++++++++++++++++++++++++++++++++++++++++++++++++++++++++++++++ 
---------------------------------------------------------------------------------------------------- 
 2021-12-06 21:21:39 - Start loading vaccination data 
---------------------------------------------------------------------------------------------------- 
 Read data from file 'datos.vacunacion.spain.work.csv' for 'Spain' 
  
---------------------------------------------------------------------------------------------------- 
 2021-12-06 21:21:39 - Loaded data from file 'datos.vacunacion.spain.work.csv' for 'Spain' 
---------------------------------------------------------------------------------------------------- 
 Data found for 'Spain' 
  
  
  
  
++++++++++++++++++++++++++++++++++++++++++++++++++++++++++++++++++++++++++++++++++++++++++++++++++++ 
 Vaccination First Dose 
++++++++++++++++++++++++++++++++++++++++++++++++++++++++++++++++++++++++++++++++++++++++++++++++++++ 
---------------------------------------------------------------------------------------------------- 
 2021-12-06 21:21:39 - Start extract first dose vaccination data 
---------------------------------------------------------------------------------------------------- 
  
---------------------------------------------------------------------------------------------------- 
 2021-12-06 21:21:39 - Extract first dose from vaccination'' for 'Spain' 
---------------------------------------------------------------------------------------------------- 
 Data found for '' 
  
  
  
  
++++++++++++++++++++++++++++++++++++++++++++++++++++++++++++++++++++++++++++++++++++++++++++++++++++ 
 Vaccination Second Dose 
++++++++++++++++++++++++++++++++++++++++++++++++++++++++++++++++++++++++++++++++++++++++++++++++++++ 
---------------------------------------------------------------------------------------------------- 
 2021-12-06 21:21:39 - Start extract second dose vaccination data 
---------------------------------------------------------------------------------------------------- 
  
---------------------------------------------------------------------------------------------------- 
 2021-12-06 21:21:39 - Extract second dose from vaccination'' for 'Spain' 
---------------------------------------------------------------------------------------------------- 
 Data found for '' 
  
  
  
  
++++++++++++++++++++++++++++++++++++++++++++++++++++++++++++++++++++++++++++++++++++++++++++++++++++ 
 Population 
++++++++++++++++++++++++++++++++++++++++++++++++++++++++++++++++++++++++++++++++++++++++++++++++++++ 
---------------------------------------------------------------------------------------------------- 
 2021-12-06 21:21:39 - Start loading population data 
---------------------------------------------------------------------------------------------------- 
 Load data from vaccination ' 
  
---------------------------------------------------------------------------------------------------- 
 2021-12-06 21:21:39 - Extract Poblacion and Group Age'' for 'Spain' 
---------------------------------------------------------------------------------------------------- 
 Data found for '' 
  
  
  
  
++++++++++++++++++++++++++++++++++++++++++++++++++++++++++++++++++++++++++++++++++++++++++++++++++++ 
 Serial interval (SI) 
++++++++++++++++++++++++++++++++++++++++++++++++++++++++++++++++++++++++++++++++++++++++++++++++++++ 
---------------------------------------------------------------------------------------------------- 
 2021-12-06 21:21:39 - Start loading serial interval (SI) data 
---------------------------------------------------------------------------------------------------- 
 Read data from file 'serial_interval.csv' 
  
---------------------------------------------------------------------------------------------------- 
 2021-12-06 21:21:39 - Loaded data from file 'serial_interval.csv' 
---------------------------------------------------------------------------------------------------- 
 Number of records in file:        100 
 Number of records in return list: 362 
  
  
  
  
++++++++++++++++++++++++++++++++++++++++++++++++++++++++++++++++++++++++++++++++++++++++++++++++++++ 
 Infection to death (ITD) 
++++++++++++++++++++++++++++++++++++++++++++++++++++++++++++++++++++++++++++++++++++++++++++++++++++ 
---------------------------------------------------------------------------------------------------- 
 2021-12-06 21:21:40 - Start loading infection to death (ITD) data 
---------------------------------------------------------------------------------------------------- 
 Read data from file 'infection_to_death.csv' 
  
---------------------------------------------------------------------------------------------------- 
 2021-12-06 21:21:40 - Loaded data from file 'infection_to_death.csv' 
---------------------------------------------------------------------------------------------------- 
 Number of records in file:        100 
 Number of records in return list: 362 
  
  
  
  
++++++++++++++++++++++++++++++++++++++++++++++++++++++++++++++++++++++++++++++++++++++++++++++++++++ 
 Vaccination to immunization 
++++++++++++++++++++++++++++++++++++++++++++++++++++++++++++++++++++++++++++++++++++++++++++++++++++ 
---------------------------------------------------------------------------------------------------- 
 2021-12-06 21:21:40 - Start loading Vaccination Immunization data 
---------------------------------------------------------------------------------------------------- 
 Read data from file 'vtimm.first.dose.csv' 
  
---------------------------------------------------------------------------------------------------- 
 2021-12-06 21:21:40 - Loaded data from file 'vtimm.first.dose.csv' 
---------------------------------------------------------------------------------------------------- 
 Number of records in file:        101 
 Number of records in return list: 362 
  
  
  
  
++++++++++++++++++++++++++++++++++++++++++++++++++++++++++++++++++++++++++++++++++++++++++++++++++++ 
 Population 
++++++++++++++++++++++++++++++++++++++++++++++++++++++++++++++++++++++++++++++++++++++++++++++++++++ 
---------------------------------------------------------------------------------------------------- 
 2021-12-06 21:21:40 - Start loading population data 
---------------------------------------------------------------------------------------------------- 
 Load data from vaccination ' 
  
---------------------------------------------------------------------------------------------------- 
 2021-12-06 21:21:43 - Extract Poblacion Inmunizated by day'' for 'Spain' 
---------------------------------------------------------------------------------------------------- 
 Data found for '' 
  
  
  
  
++++++++++++++++++++++++++++++++++++++++++++++++++++++++++++++++++++++++++++++++++++++++++++++++++++ 
 IFR 
++++++++++++++++++++++++++++++++++++++++++++++++++++++++++++++++++++++++++++++++++++++++++++++++++++ 
---------------------------------------------------------------------------------------------------- 
 2021-12-06 21:21:43 - Start loading ifr data 
---------------------------------------------------------------------------------------------------- 
 Read data from file 'IFR_by_age.csv' 
  
---------------------------------------------------------------------------------------------------- 
 2021-12-06 21:21:43 - Loaded data from file 'IFR_by_age.csv' 
---------------------------------------------------------------------------------------------------- 
  
  
  
  
++++++++++++++++++++++++++++++++++++++++++++++++++++++++++++++++++++++++++++++++++++++++++++++++++++ 
 Population 
++++++++++++++++++++++++++++++++++++++++++++++++++++++++++++++++++++++++++++++++++++++++++++++++++++ 
---------------------------------------------------------------------------------------------------- 
 2021-12-06 21:21:43 - Start loading population data 
---------------------------------------------------------------------------------------------------- 
 Load data from vaccination ' 
  
  
++++++++++++++++++++++++++++++++++++++++++++++++++++++++++++++++++++++++++++++++++++++++++++++++++++ 
 Case Hospitalization Rate 
++++++++++++++++++++++++++++++++++++++++++++++++++++++++++++++++++++++++++++++++++++++++++++++++++++ 
---------------------------------------------------------------------------------------------------- 
 2021-12-06 21:21:49 - Start loading case hospitalization rate data 
---------------------------------------------------------------------------------------------------- 
 Read data from file 'weighted_hospitalization.csv' for 'Spain' 
  
---------------------------------------------------------------------------------------------------- 
 2021-12-06 21:21:49 - Loaded data from file 'weighted_hospitalization.csv' for 'Spain' 
---------------------------------------------------------------------------------------------------- 
 Hospitalization rate for 'Spain': 0.0641535415021817 
  
  
  
  
++++++++++++++++++++++++++++++++++++++++++++++++++++++++++++++++++++++++++++++++++++++++++++++++++++ 
 Infection to Hospitalization (ITH) 
++++++++++++++++++++++++++++++++++++++++++++++++++++++++++++++++++++++++++++++++++++++++++++++++++++ 
---------------------------------------------------------------------------------------------------- 
 2021-12-06 21:21:49 - Start calculating infection-to-hospitalization (ITH) 
---------------------------------------------------------------------------------------------------- 
  
---------------------------------------------------------------------------------------------------- 
 2021-12-06 21:21:53 - calculated data  
---------------------------------------------------------------------------------------------------- 
 Number of records in return list: 362 
  
  
  
  
++++++++++++++++++++++++++++++++++++++++++++++++++++++++++++++++++++++++++++++++++++++++++++++++++++ 
 Hospitalization to Recovery (HTR) 
++++++++++++++++++++++++++++++++++++++++++++++++++++++++++++++++++++++++++++++++++++++++++++++++++++ 
---------------------------------------------------------------------------------------------------- 
 2021-12-06 21:21:53 - Start calculating hospitalization-to-recovery (HTR) 
---------------------------------------------------------------------------------------------------- 
  
---------------------------------------------------------------------------------------------------- 
 2021-12-06 21:21:59 - calculated data  
---------------------------------------------------------------------------------------------------- 
 Number of records in return list: 362 
  
  
  
  
++++++++++++++++++++++++++++++++++++++++++++++++++++++++++++++++++++++++++++++++++++++++++++++++++++ 
 Infection to Detecttion (ITDet) 
++++++++++++++++++++++++++++++++++++++++++++++++++++++++++++++++++++++++++++++++++++++++++++++++++++ 
---------------------------------------------------------------------------------------------------- 
 2021-12-06 21:21:59 - Start calculating infection-to-detection (ITDet) 
---------------------------------------------------------------------------------------------------- 
  
---------------------------------------------------------------------------------------------------- 
 2021-12-06 21:22:02 - calculated data  
---------------------------------------------------------------------------------------------------- 
 Number of records in return list: 362 
  
  
  
  
**************************************************************************************************** 
 CREATE MODEL (2021-12-06 21:22:02) 
**************************************************************************************************** 
 2021-12-06 21:22:02 Compile Stan model 'covid19_base_mod.stan' 
  
 2021-12-06 21:22:03 Fit model - start sampling (iter=200 / warmup=100 / chains=4) 
  
 2021-12-06 23:38:45 Fit model - sampling finished 
  
 2021-12-06 23:38:47 Results of the processing saved in 'Spain_covid19_base_mod_2021-12-06_21-21-37.Rdata' 
  
  
  
**************************************************************************************************** 
 CREATE GRAPHICS (2021-12-06 23:38:47) 
**************************************************************************************************** 
 2021-12-06 23:38:47 Start creating graphics 
 2021-12-06 23:38:47 Output directory  '/Users/albertocebolladasolanas/Documents/Master/TFM/COVID19model_Jun21_noResults_noRDS/results' 
 2021-12-06 23:38:47 Output file       'Spain_covid19_base_mod_2021-12-06_21-21-37.pdf' 
  
Average detection ratio 
0.6257801 
  
 2021-12-06 23:38:51 Graphics created 
  
  
  
  
**************************************************************************************************** 
 END EXECUTION - SUMMARY (2021-12-06 23:38:51) 
**************************************************************************************************** 
 Data read from input directory       '/Users/albertocebolladasolanas/Documents/Master/TFM/COVID19model_Jun21_noResults_noRDS/data' 
  
 Stan model read from directory       '/Users/albertocebolladasolanas/Documents/Master/TFM/COVID19model_Jun21_noResults_noRDS/stan-models' 
 Stan model                           'covid19_base_mod.stan' 
  
 Procesing results saved in directory '/Users/albertocebolladasolanas/Documents/Master/TFM/COVID19model_Jun21_noResults_noRDS/results' 
 Processing data                      'Spain_covid19_base_mod_2021-12-06_21-21-37.Rdata' 
 Graphics file                        'Spain_covid19_base_mod_2021-12-06_21-21-37.pdf' 
 Log file                             'Spain_covid19_base_mod_2021-12-06_21-21-37.log' 
  
 Processing time                       2.29 hours 
  
  
