  
  
**************************************************************************************************** 
 START EXECUTION (2021-12-06 09:48:36) 
**************************************************************************************************** 
 Processing for country 'Spain' 
 Execution identified by the string 'Spain_covid19_base_2021-12-06_09-48-36' 
  
  
**************************************************************************************************** 
 READ DATA (2021-12-06 09:48:36) 
**************************************************************************************************** 
  
  
++++++++++++++++++++++++++++++++++++++++++++++++++++++++++++++++++++++++++++++++++++++++++++++++++++ 
 COVID-19 data 
++++++++++++++++++++++++++++++++++++++++++++++++++++++++++++++++++++++++++++++++++++++++++++++++++++ 
---------------------------------------------------------------------------------------------------- 
 2021-12-06 09:48:36 - Start loading COVID-19 data 
---------------------------------------------------------------------------------------------------- 
 Read data from file 'COVID-19-up-to-date-27-10-21_Spain_run_hasta_abril.csv' for 'Spain' 
  
---------------------------------------------------------------------------------------------------- 
 2021-12-06 09:48:36 - Loaded data from file 'COVID-19-up-to-date-27-10-21_Spain_run_hasta_abril.csv' for 'Spain' 
---------------------------------------------------------------------------------------------------- 
 First death is on day 1 (2020-09-01) 
 First 10 deaths reached on day 1 (2020-09-01) 
 Pandermic start asumed 30 days before first 10 deaths, on day 1 (2020-09-01) 
 Number of days with data since the start of the pandemic: 242 (from 2020-09-01 to 2021-04-30) 
  
  
  
  
++++++++++++++++++++++++++++++++++++++++++++++++++++++++++++++++++++++++++++++++++++++++++++++++++++ 
 Response measures (interventions) 
++++++++++++++++++++++++++++++++++++++++++++++++++++++++++++++++++++++++++++++++++++++++++++++++++++ 
  
---------------------------------------------------------------------------------------------------- 
 2021-12-06 09:48:37 - Start loading measures data 
---------------------------------------------------------------------------------------------------- 
 Read data from file 'response_graphs_data_Spain_Clean_run4.csv' for 'Spain' 
  
---------------------------------------------------------------------------------------------------- 
 2021-12-06 09:48:37 - Loaded data from file 'response_graphs_data_Spain_Clean_run4.csv' for 'Spain' 
---------------------------------------------------------------------------------------------------- 
 Number of periods with defined measures: 6 
 Number of different measures:            6 
  
  
  
  
++++++++++++++++++++++++++++++++++++++++++++++++++++++++++++++++++++++++++++++++++++++++++++++++++++ 
 Case fatality rate (CFR) 
++++++++++++++++++++++++++++++++++++++++++++++++++++++++++++++++++++++++++++++++++++++++++++++++++++ 
---------------------------------------------------------------------------------------------------- 
 2021-12-06 09:48:37 - Start loading case fatality rate (CFR) data 
---------------------------------------------------------------------------------------------------- 
 Read data from file 'weighted_fatality.csv' for 'Spain' 
  
---------------------------------------------------------------------------------------------------- 
 2021-12-06 09:48:37 - Loaded data from file 'weighted_fatality.csv' for 'Spain' 
---------------------------------------------------------------------------------------------------- 
 Case fatality rate for 'Spain': 0.012074 
  
  
  
  
++++++++++++++++++++++++++++++++++++++++++++++++++++++++++++++++++++++++++++++++++++++++++++++++++++ 
 Vaccination 
++++++++++++++++++++++++++++++++++++++++++++++++++++++++++++++++++++++++++++++++++++++++++++++++++++ 
---------------------------------------------------------------------------------------------------- 
 2021-12-06 09:48:37 - Start loading vaccination data 
---------------------------------------------------------------------------------------------------- 
 Read data from file 'datos.vacunacion.spain.work.csv' for 'Spain' 
  
---------------------------------------------------------------------------------------------------- 
 2021-12-06 09:48:37 - Loaded data from file 'datos.vacunacion.spain.work.csv' for 'Spain' 
---------------------------------------------------------------------------------------------------- 
 Data found for 'Spain' 
  
  
  
  
++++++++++++++++++++++++++++++++++++++++++++++++++++++++++++++++++++++++++++++++++++++++++++++++++++ 
 Vaccination First Dose 
++++++++++++++++++++++++++++++++++++++++++++++++++++++++++++++++++++++++++++++++++++++++++++++++++++ 
---------------------------------------------------------------------------------------------------- 
 2021-12-06 09:48:37 - Start extract first dose vaccination data 
---------------------------------------------------------------------------------------------------- 
  
---------------------------------------------------------------------------------------------------- 
 2021-12-06 09:48:38 - Extract first dose from vaccination'' for 'Spain' 
---------------------------------------------------------------------------------------------------- 
 Data found for '' 
  
  
  
  
++++++++++++++++++++++++++++++++++++++++++++++++++++++++++++++++++++++++++++++++++++++++++++++++++++ 
 Vaccination Second Dose 
++++++++++++++++++++++++++++++++++++++++++++++++++++++++++++++++++++++++++++++++++++++++++++++++++++ 
---------------------------------------------------------------------------------------------------- 
 2021-12-06 09:48:38 - Start extract second dose vaccination data 
---------------------------------------------------------------------------------------------------- 
  
---------------------------------------------------------------------------------------------------- 
 2021-12-06 09:48:38 - Extract second dose from vaccination'' for 'Spain' 
---------------------------------------------------------------------------------------------------- 
 Data found for '' 
  
  
  
  
++++++++++++++++++++++++++++++++++++++++++++++++++++++++++++++++++++++++++++++++++++++++++++++++++++ 
 Population 
++++++++++++++++++++++++++++++++++++++++++++++++++++++++++++++++++++++++++++++++++++++++++++++++++++ 
---------------------------------------------------------------------------------------------------- 
 2021-12-06 09:48:38 - Start loading population data 
---------------------------------------------------------------------------------------------------- 
 Load data from vaccination ' 
  
---------------------------------------------------------------------------------------------------- 
 2021-12-06 09:48:38 - Extract Poblacion and Group Age'' for 'Spain' 
---------------------------------------------------------------------------------------------------- 
 Data found for '' 
  
  
  
  
++++++++++++++++++++++++++++++++++++++++++++++++++++++++++++++++++++++++++++++++++++++++++++++++++++ 
 Serial interval (SI) 
++++++++++++++++++++++++++++++++++++++++++++++++++++++++++++++++++++++++++++++++++++++++++++++++++++ 
---------------------------------------------------------------------------------------------------- 
 2021-12-06 09:48:38 - Start loading serial interval (SI) data 
---------------------------------------------------------------------------------------------------- 
 Read data from file 'serial_interval.csv' 
  
---------------------------------------------------------------------------------------------------- 
 2021-12-06 09:48:38 - Loaded data from file 'serial_interval.csv' 
---------------------------------------------------------------------------------------------------- 
 Number of records in file:        100 
 Number of records in return list: 362 
  
  
  
  
++++++++++++++++++++++++++++++++++++++++++++++++++++++++++++++++++++++++++++++++++++++++++++++++++++ 
 Infection to death (ITD) 
++++++++++++++++++++++++++++++++++++++++++++++++++++++++++++++++++++++++++++++++++++++++++++++++++++ 
---------------------------------------------------------------------------------------------------- 
 2021-12-06 09:48:38 - Start loading infection to death (ITD) data 
---------------------------------------------------------------------------------------------------- 
 Read data from file 'infection_to_death.csv' 
  
---------------------------------------------------------------------------------------------------- 
 2021-12-06 09:48:38 - Loaded data from file 'infection_to_death.csv' 
---------------------------------------------------------------------------------------------------- 
 Number of records in file:        100 
 Number of records in return list: 362 
  
  
  
  
++++++++++++++++++++++++++++++++++++++++++++++++++++++++++++++++++++++++++++++++++++++++++++++++++++ 
 Vaccination to immunization 
++++++++++++++++++++++++++++++++++++++++++++++++++++++++++++++++++++++++++++++++++++++++++++++++++++ 
---------------------------------------------------------------------------------------------------- 
 2021-12-06 09:48:38 - Start loading Vaccination Immunization data 
---------------------------------------------------------------------------------------------------- 
 Read data from file 'vtimm.first.dose.csv' 
  
---------------------------------------------------------------------------------------------------- 
 2021-12-06 09:48:38 - Loaded data from file 'vtimm.first.dose.csv' 
---------------------------------------------------------------------------------------------------- 
 Number of records in file:        101 
 Number of records in return list: 362 
  
  
  
  
++++++++++++++++++++++++++++++++++++++++++++++++++++++++++++++++++++++++++++++++++++++++++++++++++++ 
 Population 
++++++++++++++++++++++++++++++++++++++++++++++++++++++++++++++++++++++++++++++++++++++++++++++++++++ 
---------------------------------------------------------------------------------------------------- 
 2021-12-06 09:48:38 - Start loading population data 
---------------------------------------------------------------------------------------------------- 
 Load data from vaccination ' 
  
---------------------------------------------------------------------------------------------------- 
 2021-12-06 09:48:41 - Extract Poblacion Inmunizated by day'' for 'Spain' 
---------------------------------------------------------------------------------------------------- 
 Data found for '' 
  
  
  
  
++++++++++++++++++++++++++++++++++++++++++++++++++++++++++++++++++++++++++++++++++++++++++++++++++++ 
 IFR 
++++++++++++++++++++++++++++++++++++++++++++++++++++++++++++++++++++++++++++++++++++++++++++++++++++ 
---------------------------------------------------------------------------------------------------- 
 2021-12-06 09:48:41 - Start loading ifr data 
---------------------------------------------------------------------------------------------------- 
 Read data from file 'IFR_by_age.csv' 
  
---------------------------------------------------------------------------------------------------- 
 2021-12-06 09:48:41 - Loaded data from file 'IFR_by_age.csv' 
---------------------------------------------------------------------------------------------------- 
  
  
  
  
++++++++++++++++++++++++++++++++++++++++++++++++++++++++++++++++++++++++++++++++++++++++++++++++++++ 
 Population 
++++++++++++++++++++++++++++++++++++++++++++++++++++++++++++++++++++++++++++++++++++++++++++++++++++ 
---------------------------------------------------------------------------------------------------- 
 2021-12-06 09:48:41 - Start loading population data 
---------------------------------------------------------------------------------------------------- 
 Load data from vaccination ' 
  
  
++++++++++++++++++++++++++++++++++++++++++++++++++++++++++++++++++++++++++++++++++++++++++++++++++++ 
 Case Hospitalization Rate 
++++++++++++++++++++++++++++++++++++++++++++++++++++++++++++++++++++++++++++++++++++++++++++++++++++ 
---------------------------------------------------------------------------------------------------- 
 2021-12-06 09:48:47 - Start loading case hospitalization rate data 
---------------------------------------------------------------------------------------------------- 
 Read data from file 'weighted_hospitalization.csv' for 'Spain' 
  
---------------------------------------------------------------------------------------------------- 
 2021-12-06 09:48:47 - Loaded data from file 'weighted_hospitalization.csv' for 'Spain' 
---------------------------------------------------------------------------------------------------- 
 Hospitalization rate for 'Spain': 0.0641535415021817 
  
  
  
  
++++++++++++++++++++++++++++++++++++++++++++++++++++++++++++++++++++++++++++++++++++++++++++++++++++ 
 Infection to Hospitalization (ITH) 
++++++++++++++++++++++++++++++++++++++++++++++++++++++++++++++++++++++++++++++++++++++++++++++++++++ 
---------------------------------------------------------------------------------------------------- 
 2021-12-06 09:48:47 - Start calculating infection-to-hospitalization (ITH) 
---------------------------------------------------------------------------------------------------- 
  
---------------------------------------------------------------------------------------------------- 
 2021-12-06 09:48:51 - calculated data  
---------------------------------------------------------------------------------------------------- 
 Number of records in return list: 362 
  
  
  
  
++++++++++++++++++++++++++++++++++++++++++++++++++++++++++++++++++++++++++++++++++++++++++++++++++++ 
 Hospitalization to Recovery (HTR) 
++++++++++++++++++++++++++++++++++++++++++++++++++++++++++++++++++++++++++++++++++++++++++++++++++++ 
---------------------------------------------------------------------------------------------------- 
 2021-12-06 09:48:51 - Start calculating hospitalization-to-recovery (HTR) 
---------------------------------------------------------------------------------------------------- 
  
---------------------------------------------------------------------------------------------------- 
 2021-12-06 09:48:57 - calculated data  
---------------------------------------------------------------------------------------------------- 
 Number of records in return list: 362 
  
  
  
  
++++++++++++++++++++++++++++++++++++++++++++++++++++++++++++++++++++++++++++++++++++++++++++++++++++ 
 Infection to Detecttion (ITDet) 
++++++++++++++++++++++++++++++++++++++++++++++++++++++++++++++++++++++++++++++++++++++++++++++++++++ 
---------------------------------------------------------------------------------------------------- 
 2021-12-06 09:48:57 - Start calculating infection-to-detection (ITDet) 
---------------------------------------------------------------------------------------------------- 
  
---------------------------------------------------------------------------------------------------- 
 2021-12-06 09:49:00 - calculated data  
---------------------------------------------------------------------------------------------------- 
 Number of records in return list: 362 
  
  
  
  
**************************************************************************************************** 
 CREATE MODEL (2021-12-06 09:49:00) 
**************************************************************************************************** 
 2021-12-06 09:49:00 Compile Stan model 'covid19_base.stan' 
  
 2021-12-06 09:49:01 Fit model - start sampling (iter=200 / warmup=100 / chains=4) 
  
 2021-12-06 11:51:38 Fit model - sampling finished 
  
 2021-12-06 11:51:40 Results of the processing saved in 'Spain_covid19_base_2021-12-06_09-48-36.Rdata' 
  
  
  
**************************************************************************************************** 
 CREATE GRAPHICS (2021-12-06 11:51:40) 
**************************************************************************************************** 
 2021-12-06 11:51:40 Start creating graphics 
 2021-12-06 11:51:40 Output directory  '/Users/albertocebolladasolanas/Documents/Master/TFM/COVID19model_Jun21_noResults_noRDS/results' 
 2021-12-06 11:51:40 Output file       'Spain_covid19_base_2021-12-06_09-48-36.pdf' 
  
Average detection ratio 
0.4257551 
  
 2021-12-06 11:51:44 Graphics created 
  
  
  
  
**************************************************************************************************** 
 END EXECUTION - SUMMARY (2021-12-06 11:51:44) 
**************************************************************************************************** 
 Data read from input directory       '/Users/albertocebolladasolanas/Documents/Master/TFM/COVID19model_Jun21_noResults_noRDS/data' 
  
 Stan model read from directory       '/Users/albertocebolladasolanas/Documents/Master/TFM/COVID19model_Jun21_noResults_noRDS/stan-models' 
 Stan model                           'covid19_base.stan' 
  
 Procesing results saved in directory '/Users/albertocebolladasolanas/Documents/Master/TFM/COVID19model_Jun21_noResults_noRDS/results' 
 Processing data                      'Spain_covid19_base_2021-12-06_09-48-36.Rdata' 
 Graphics file                        'Spain_covid19_base_2021-12-06_09-48-36.pdf' 
 Log file                             'Spain_covid19_base_2021-12-06_09-48-36.log' 
  
 Processing time                       2.05 hours 
  
  
